ARM GAS  /tmp/ccIz1j3R.s 			page 1


   1              		.cpu cortex-m4
   2              		.eabi_attribute 27, 1
   3              		.eabi_attribute 28, 1
   4              		.eabi_attribute 20, 1
   5              		.eabi_attribute 21, 1
   6              		.eabi_attribute 23, 3
   7              		.eabi_attribute 24, 1
   8              		.eabi_attribute 25, 1
   9              		.eabi_attribute 26, 1
  10              		.eabi_attribute 30, 1
  11              		.eabi_attribute 34, 1
  12              		.eabi_attribute 18, 4
  13              		.file	"usart.c"
  14              		.text
  15              	.Ltext0:
  16              		.cfi_sections	.debug_frame
  17              		.section	.text.MX_USART2_UART_Init,"ax",%progbits
  18              		.align	1
  19              		.global	MX_USART2_UART_Init
  20              		.arch armv7e-m
  21              		.syntax unified
  22              		.thumb
  23              		.thumb_func
  24              		.fpu fpv4-sp-d16
  26              	MX_USART2_UART_Init:
  27              	.LFB134:
  28              		.file 1 "Core/Src/usart.c"
   1:Core/Src/usart.c **** /* USER CODE BEGIN Header */
   2:Core/Src/usart.c **** /**
   3:Core/Src/usart.c ****   ******************************************************************************
   4:Core/Src/usart.c ****   * @file    usart.c
   5:Core/Src/usart.c ****   * @brief   This file provides code for the configuration
   6:Core/Src/usart.c ****   *          of the USART instances.
   7:Core/Src/usart.c ****   ******************************************************************************
   8:Core/Src/usart.c ****   * @attention
   9:Core/Src/usart.c ****   *
  10:Core/Src/usart.c ****   * Copyright (c) 2023 STMicroelectronics.
  11:Core/Src/usart.c ****   * All rights reserved.
  12:Core/Src/usart.c ****   *
  13:Core/Src/usart.c ****   * This software is licensed under terms that can be found in the LICENSE file
  14:Core/Src/usart.c ****   * in the root directory of this software component.
  15:Core/Src/usart.c ****   * If no LICENSE file comes with this software, it is provided AS-IS.
  16:Core/Src/usart.c ****   *
  17:Core/Src/usart.c ****   ******************************************************************************
  18:Core/Src/usart.c ****   */
  19:Core/Src/usart.c **** /* USER CODE END Header */
  20:Core/Src/usart.c **** /* Includes ------------------------------------------------------------------*/
  21:Core/Src/usart.c **** #include "usart.h"
  22:Core/Src/usart.c **** 
  23:Core/Src/usart.c **** /* USER CODE BEGIN 0 */
  24:Core/Src/usart.c **** 
  25:Core/Src/usart.c **** /* USER CODE END 0 */
  26:Core/Src/usart.c **** 
  27:Core/Src/usart.c **** UART_HandleTypeDef huart2;
  28:Core/Src/usart.c **** UART_HandleTypeDef huart6;
  29:Core/Src/usart.c **** 
  30:Core/Src/usart.c **** /* USART2 init function */
ARM GAS  /tmp/ccIz1j3R.s 			page 2


  31:Core/Src/usart.c **** 
  32:Core/Src/usart.c **** void MX_USART2_UART_Init(void)
  33:Core/Src/usart.c **** {
  29              		.loc 1 33 1 view -0
  30              		.cfi_startproc
  31              		@ args = 0, pretend = 0, frame = 0
  32              		@ frame_needed = 0, uses_anonymous_args = 0
  33 0000 08B5     		push	{r3, lr}
  34              	.LCFI0:
  35              		.cfi_def_cfa_offset 8
  36              		.cfi_offset 3, -8
  37              		.cfi_offset 14, -4
  34:Core/Src/usart.c **** 
  35:Core/Src/usart.c ****   /* USER CODE BEGIN USART2_Init 0 */
  36:Core/Src/usart.c **** 
  37:Core/Src/usart.c ****   /* USER CODE END USART2_Init 0 */
  38:Core/Src/usart.c **** 
  39:Core/Src/usart.c ****   /* USER CODE BEGIN USART2_Init 1 */
  40:Core/Src/usart.c **** 
  41:Core/Src/usart.c ****   /* USER CODE END USART2_Init 1 */
  42:Core/Src/usart.c ****   huart2.Instance = USART2;
  38              		.loc 1 42 3 view .LVU1
  39              		.loc 1 42 19 is_stmt 0 view .LVU2
  40 0002 0A48     		ldr	r0, .L5
  41 0004 0A4B     		ldr	r3, .L5+4
  42 0006 0360     		str	r3, [r0]
  43:Core/Src/usart.c ****   huart2.Init.BaudRate = 9600;
  43              		.loc 1 43 3 is_stmt 1 view .LVU3
  44              		.loc 1 43 24 is_stmt 0 view .LVU4
  45 0008 4FF41653 		mov	r3, #9600
  46 000c 4360     		str	r3, [r0, #4]
  44:Core/Src/usart.c ****   huart2.Init.WordLength = UART_WORDLENGTH_8B;
  47              		.loc 1 44 3 is_stmt 1 view .LVU5
  48              		.loc 1 44 26 is_stmt 0 view .LVU6
  49 000e 0023     		movs	r3, #0
  50 0010 8360     		str	r3, [r0, #8]
  45:Core/Src/usart.c ****   huart2.Init.StopBits = UART_STOPBITS_1;
  51              		.loc 1 45 3 is_stmt 1 view .LVU7
  52              		.loc 1 45 24 is_stmt 0 view .LVU8
  53 0012 C360     		str	r3, [r0, #12]
  46:Core/Src/usart.c ****   huart2.Init.Parity = UART_PARITY_NONE;
  54              		.loc 1 46 3 is_stmt 1 view .LVU9
  55              		.loc 1 46 22 is_stmt 0 view .LVU10
  56 0014 0361     		str	r3, [r0, #16]
  47:Core/Src/usart.c ****   huart2.Init.Mode = UART_MODE_TX_RX;
  57              		.loc 1 47 3 is_stmt 1 view .LVU11
  58              		.loc 1 47 20 is_stmt 0 view .LVU12
  59 0016 0C22     		movs	r2, #12
  60 0018 4261     		str	r2, [r0, #20]
  48:Core/Src/usart.c ****   huart2.Init.HwFlowCtl = UART_HWCONTROL_NONE;
  61              		.loc 1 48 3 is_stmt 1 view .LVU13
  62              		.loc 1 48 25 is_stmt 0 view .LVU14
  63 001a 8361     		str	r3, [r0, #24]
  49:Core/Src/usart.c ****   huart2.Init.OverSampling = UART_OVERSAMPLING_16;
  64              		.loc 1 49 3 is_stmt 1 view .LVU15
  65              		.loc 1 49 28 is_stmt 0 view .LVU16
  66 001c C361     		str	r3, [r0, #28]
ARM GAS  /tmp/ccIz1j3R.s 			page 3


  50:Core/Src/usart.c ****   if (HAL_UART_Init(&huart2) != HAL_OK)
  67              		.loc 1 50 3 is_stmt 1 view .LVU17
  68              		.loc 1 50 7 is_stmt 0 view .LVU18
  69 001e FFF7FEFF 		bl	HAL_UART_Init
  70              	.LVL0:
  71              		.loc 1 50 6 view .LVU19
  72 0022 00B9     		cbnz	r0, .L4
  73              	.L1:
  51:Core/Src/usart.c ****   {
  52:Core/Src/usart.c ****     Error_Handler();
  53:Core/Src/usart.c ****   }
  54:Core/Src/usart.c ****   /* USER CODE BEGIN USART2_Init 2 */
  55:Core/Src/usart.c **** 
  56:Core/Src/usart.c ****   /* USER CODE END USART2_Init 2 */
  57:Core/Src/usart.c **** 
  58:Core/Src/usart.c **** }
  74              		.loc 1 58 1 view .LVU20
  75 0024 08BD     		pop	{r3, pc}
  76              	.L4:
  52:Core/Src/usart.c ****   }
  77              		.loc 1 52 5 is_stmt 1 view .LVU21
  78 0026 FFF7FEFF 		bl	Error_Handler
  79              	.LVL1:
  80              		.loc 1 58 1 is_stmt 0 view .LVU22
  81 002a FBE7     		b	.L1
  82              	.L6:
  83              		.align	2
  84              	.L5:
  85 002c 00000000 		.word	.LANCHOR0
  86 0030 00440040 		.word	1073759232
  87              		.cfi_endproc
  88              	.LFE134:
  90              		.section	.text.MX_USART6_UART_Init,"ax",%progbits
  91              		.align	1
  92              		.global	MX_USART6_UART_Init
  93              		.syntax unified
  94              		.thumb
  95              		.thumb_func
  96              		.fpu fpv4-sp-d16
  98              	MX_USART6_UART_Init:
  99              	.LFB135:
  59:Core/Src/usart.c **** /* USART6 init function */
  60:Core/Src/usart.c **** 
  61:Core/Src/usart.c **** void MX_USART6_UART_Init(void)
  62:Core/Src/usart.c **** {
 100              		.loc 1 62 1 is_stmt 1 view -0
 101              		.cfi_startproc
 102              		@ args = 0, pretend = 0, frame = 0
 103              		@ frame_needed = 0, uses_anonymous_args = 0
 104 0000 08B5     		push	{r3, lr}
 105              	.LCFI1:
 106              		.cfi_def_cfa_offset 8
 107              		.cfi_offset 3, -8
 108              		.cfi_offset 14, -4
  63:Core/Src/usart.c **** 
  64:Core/Src/usart.c ****   /* USER CODE BEGIN USART6_Init 0 */
  65:Core/Src/usart.c **** 
ARM GAS  /tmp/ccIz1j3R.s 			page 4


  66:Core/Src/usart.c ****   /* USER CODE END USART6_Init 0 */
  67:Core/Src/usart.c **** 
  68:Core/Src/usart.c ****   /* USER CODE BEGIN USART6_Init 1 */
  69:Core/Src/usart.c **** 
  70:Core/Src/usart.c ****   /* USER CODE END USART6_Init 1 */
  71:Core/Src/usart.c ****   huart6.Instance = USART6;
 109              		.loc 1 71 3 view .LVU24
 110              		.loc 1 71 19 is_stmt 0 view .LVU25
 111 0002 0A48     		ldr	r0, .L11
 112 0004 0A4B     		ldr	r3, .L11+4
 113 0006 0360     		str	r3, [r0]
  72:Core/Src/usart.c ****   huart6.Init.BaudRate = 9600;
 114              		.loc 1 72 3 is_stmt 1 view .LVU26
 115              		.loc 1 72 24 is_stmt 0 view .LVU27
 116 0008 4FF41653 		mov	r3, #9600
 117 000c 4360     		str	r3, [r0, #4]
  73:Core/Src/usart.c ****   huart6.Init.WordLength = UART_WORDLENGTH_8B;
 118              		.loc 1 73 3 is_stmt 1 view .LVU28
 119              		.loc 1 73 26 is_stmt 0 view .LVU29
 120 000e 0023     		movs	r3, #0
 121 0010 8360     		str	r3, [r0, #8]
  74:Core/Src/usart.c ****   huart6.Init.StopBits = UART_STOPBITS_1;
 122              		.loc 1 74 3 is_stmt 1 view .LVU30
 123              		.loc 1 74 24 is_stmt 0 view .LVU31
 124 0012 C360     		str	r3, [r0, #12]
  75:Core/Src/usart.c ****   huart6.Init.Parity = UART_PARITY_NONE;
 125              		.loc 1 75 3 is_stmt 1 view .LVU32
 126              		.loc 1 75 22 is_stmt 0 view .LVU33
 127 0014 0361     		str	r3, [r0, #16]
  76:Core/Src/usart.c ****   huart6.Init.Mode = UART_MODE_TX_RX;
 128              		.loc 1 76 3 is_stmt 1 view .LVU34
 129              		.loc 1 76 20 is_stmt 0 view .LVU35
 130 0016 0C22     		movs	r2, #12
 131 0018 4261     		str	r2, [r0, #20]
  77:Core/Src/usart.c ****   huart6.Init.HwFlowCtl = UART_HWCONTROL_NONE;
 132              		.loc 1 77 3 is_stmt 1 view .LVU36
 133              		.loc 1 77 25 is_stmt 0 view .LVU37
 134 001a 8361     		str	r3, [r0, #24]
  78:Core/Src/usart.c ****   huart6.Init.OverSampling = UART_OVERSAMPLING_16;
 135              		.loc 1 78 3 is_stmt 1 view .LVU38
 136              		.loc 1 78 28 is_stmt 0 view .LVU39
 137 001c C361     		str	r3, [r0, #28]
  79:Core/Src/usart.c ****   if (HAL_UART_Init(&huart6) != HAL_OK)
 138              		.loc 1 79 3 is_stmt 1 view .LVU40
 139              		.loc 1 79 7 is_stmt 0 view .LVU41
 140 001e FFF7FEFF 		bl	HAL_UART_Init
 141              	.LVL2:
 142              		.loc 1 79 6 view .LVU42
 143 0022 00B9     		cbnz	r0, .L10
 144              	.L7:
  80:Core/Src/usart.c ****   {
  81:Core/Src/usart.c ****     Error_Handler();
  82:Core/Src/usart.c ****   }
  83:Core/Src/usart.c ****   /* USER CODE BEGIN USART6_Init 2 */
  84:Core/Src/usart.c **** 
  85:Core/Src/usart.c ****   /* USER CODE END USART6_Init 2 */
  86:Core/Src/usart.c **** 
ARM GAS  /tmp/ccIz1j3R.s 			page 5


  87:Core/Src/usart.c **** }
 145              		.loc 1 87 1 view .LVU43
 146 0024 08BD     		pop	{r3, pc}
 147              	.L10:
  81:Core/Src/usart.c ****   }
 148              		.loc 1 81 5 is_stmt 1 view .LVU44
 149 0026 FFF7FEFF 		bl	Error_Handler
 150              	.LVL3:
 151              		.loc 1 87 1 is_stmt 0 view .LVU45
 152 002a FBE7     		b	.L7
 153              	.L12:
 154              		.align	2
 155              	.L11:
 156 002c 00000000 		.word	.LANCHOR1
 157 0030 00140140 		.word	1073812480
 158              		.cfi_endproc
 159              	.LFE135:
 161              		.section	.text.HAL_UART_MspInit,"ax",%progbits
 162              		.align	1
 163              		.global	HAL_UART_MspInit
 164              		.syntax unified
 165              		.thumb
 166              		.thumb_func
 167              		.fpu fpv4-sp-d16
 169              	HAL_UART_MspInit:
 170              	.LVL4:
 171              	.LFB136:
  88:Core/Src/usart.c **** 
  89:Core/Src/usart.c **** void HAL_UART_MspInit(UART_HandleTypeDef* uartHandle)
  90:Core/Src/usart.c **** {
 172              		.loc 1 90 1 is_stmt 1 view -0
 173              		.cfi_startproc
 174              		@ args = 0, pretend = 0, frame = 40
 175              		@ frame_needed = 0, uses_anonymous_args = 0
 176              		.loc 1 90 1 is_stmt 0 view .LVU47
 177 0000 10B5     		push	{r4, lr}
 178              	.LCFI2:
 179              		.cfi_def_cfa_offset 8
 180              		.cfi_offset 4, -8
 181              		.cfi_offset 14, -4
 182 0002 8AB0     		sub	sp, sp, #40
 183              	.LCFI3:
 184              		.cfi_def_cfa_offset 48
  91:Core/Src/usart.c **** 
  92:Core/Src/usart.c ****   GPIO_InitTypeDef GPIO_InitStruct = {0};
 185              		.loc 1 92 3 is_stmt 1 view .LVU48
 186              		.loc 1 92 20 is_stmt 0 view .LVU49
 187 0004 0023     		movs	r3, #0
 188 0006 0593     		str	r3, [sp, #20]
 189 0008 0693     		str	r3, [sp, #24]
 190 000a 0793     		str	r3, [sp, #28]
 191 000c 0893     		str	r3, [sp, #32]
 192 000e 0993     		str	r3, [sp, #36]
  93:Core/Src/usart.c ****   if(uartHandle->Instance==USART2)
 193              		.loc 1 93 3 is_stmt 1 view .LVU50
 194              		.loc 1 93 16 is_stmt 0 view .LVU51
 195 0010 0368     		ldr	r3, [r0]
ARM GAS  /tmp/ccIz1j3R.s 			page 6


 196              		.loc 1 93 5 view .LVU52
 197 0012 2E4A     		ldr	r2, .L19
 198 0014 9342     		cmp	r3, r2
 199 0016 04D0     		beq	.L17
  94:Core/Src/usart.c ****   {
  95:Core/Src/usart.c ****   /* USER CODE BEGIN USART2_MspInit 0 */
  96:Core/Src/usart.c **** 
  97:Core/Src/usart.c ****   /* USER CODE END USART2_MspInit 0 */
  98:Core/Src/usart.c ****     /* USART2 clock enable */
  99:Core/Src/usart.c ****     __HAL_RCC_USART2_CLK_ENABLE();
 100:Core/Src/usart.c **** 
 101:Core/Src/usart.c ****     __HAL_RCC_GPIOA_CLK_ENABLE();
 102:Core/Src/usart.c ****     /**USART2 GPIO Configuration
 103:Core/Src/usart.c ****     PA2     ------> USART2_TX
 104:Core/Src/usart.c ****     PA3     ------> USART2_RX
 105:Core/Src/usart.c ****     */
 106:Core/Src/usart.c ****     GPIO_InitStruct.Pin = USART_TX_Pin|USART_RX_Pin;
 107:Core/Src/usart.c ****     GPIO_InitStruct.Mode = GPIO_MODE_AF_PP;
 108:Core/Src/usart.c ****     GPIO_InitStruct.Pull = GPIO_NOPULL;
 109:Core/Src/usart.c ****     GPIO_InitStruct.Speed = GPIO_SPEED_FREQ_LOW;
 110:Core/Src/usart.c ****     GPIO_InitStruct.Alternate = GPIO_AF7_USART2;
 111:Core/Src/usart.c ****     HAL_GPIO_Init(GPIOA, &GPIO_InitStruct);
 112:Core/Src/usart.c **** 
 113:Core/Src/usart.c ****     /* USART2 interrupt Init */
 114:Core/Src/usart.c ****     HAL_NVIC_SetPriority(USART2_IRQn, 0, 0);
 115:Core/Src/usart.c ****     HAL_NVIC_EnableIRQ(USART2_IRQn);
 116:Core/Src/usart.c ****   /* USER CODE BEGIN USART2_MspInit 1 */
 117:Core/Src/usart.c **** 
 118:Core/Src/usart.c ****   /* USER CODE END USART2_MspInit 1 */
 119:Core/Src/usart.c ****   }
 120:Core/Src/usart.c ****   else if(uartHandle->Instance==USART6)
 200              		.loc 1 120 8 is_stmt 1 view .LVU53
 201              		.loc 1 120 10 is_stmt 0 view .LVU54
 202 0018 2D4A     		ldr	r2, .L19+4
 203 001a 9342     		cmp	r3, r2
 204 001c 2AD0     		beq	.L18
 205              	.LVL5:
 206              	.L13:
 121:Core/Src/usart.c ****   {
 122:Core/Src/usart.c ****   /* USER CODE BEGIN USART6_MspInit 0 */
 123:Core/Src/usart.c **** 
 124:Core/Src/usart.c ****   /* USER CODE END USART6_MspInit 0 */
 125:Core/Src/usart.c ****     /* USART6 clock enable */
 126:Core/Src/usart.c ****     __HAL_RCC_USART6_CLK_ENABLE();
 127:Core/Src/usart.c **** 
 128:Core/Src/usart.c ****     __HAL_RCC_GPIOC_CLK_ENABLE();
 129:Core/Src/usart.c ****     /**USART6 GPIO Configuration
 130:Core/Src/usart.c ****     PC6     ------> USART6_TX
 131:Core/Src/usart.c ****     PC7     ------> USART6_RX
 132:Core/Src/usart.c ****     */
 133:Core/Src/usart.c ****     GPIO_InitStruct.Pin = GPIO_PIN_6|GPIO_PIN_7;
 134:Core/Src/usart.c ****     GPIO_InitStruct.Mode = GPIO_MODE_AF_PP;
 135:Core/Src/usart.c ****     GPIO_InitStruct.Pull = GPIO_NOPULL;
 136:Core/Src/usart.c ****     GPIO_InitStruct.Speed = GPIO_SPEED_FREQ_VERY_HIGH;
 137:Core/Src/usart.c ****     GPIO_InitStruct.Alternate = GPIO_AF8_USART6;
 138:Core/Src/usart.c ****     HAL_GPIO_Init(GPIOC, &GPIO_InitStruct);
 139:Core/Src/usart.c **** 
ARM GAS  /tmp/ccIz1j3R.s 			page 7


 140:Core/Src/usart.c ****     /* USART6 interrupt Init */
 141:Core/Src/usart.c ****     HAL_NVIC_SetPriority(USART6_IRQn, 0, 0);
 142:Core/Src/usart.c ****     HAL_NVIC_EnableIRQ(USART6_IRQn);
 143:Core/Src/usart.c ****   /* USER CODE BEGIN USART6_MspInit 1 */
 144:Core/Src/usart.c **** 
 145:Core/Src/usart.c ****   /* USER CODE END USART6_MspInit 1 */
 146:Core/Src/usart.c ****   }
 147:Core/Src/usart.c **** }
 207              		.loc 1 147 1 view .LVU55
 208 001e 0AB0     		add	sp, sp, #40
 209              	.LCFI4:
 210              		.cfi_remember_state
 211              		.cfi_def_cfa_offset 8
 212              		@ sp needed
 213 0020 10BD     		pop	{r4, pc}
 214              	.LVL6:
 215              	.L17:
 216              	.LCFI5:
 217              		.cfi_restore_state
  99:Core/Src/usart.c **** 
 218              		.loc 1 99 5 is_stmt 1 view .LVU56
 219              	.LBB2:
  99:Core/Src/usart.c **** 
 220              		.loc 1 99 5 view .LVU57
 221 0022 0024     		movs	r4, #0
 222 0024 0194     		str	r4, [sp, #4]
  99:Core/Src/usart.c **** 
 223              		.loc 1 99 5 view .LVU58
 224 0026 2B4B     		ldr	r3, .L19+8
 225 0028 1A6C     		ldr	r2, [r3, #64]
 226 002a 42F40032 		orr	r2, r2, #131072
 227 002e 1A64     		str	r2, [r3, #64]
  99:Core/Src/usart.c **** 
 228              		.loc 1 99 5 view .LVU59
 229 0030 1A6C     		ldr	r2, [r3, #64]
 230 0032 02F40032 		and	r2, r2, #131072
 231 0036 0192     		str	r2, [sp, #4]
  99:Core/Src/usart.c **** 
 232              		.loc 1 99 5 view .LVU60
 233 0038 019A     		ldr	r2, [sp, #4]
 234              	.LBE2:
  99:Core/Src/usart.c **** 
 235              		.loc 1 99 5 view .LVU61
 101:Core/Src/usart.c ****     /**USART2 GPIO Configuration
 236              		.loc 1 101 5 view .LVU62
 237              	.LBB3:
 101:Core/Src/usart.c ****     /**USART2 GPIO Configuration
 238              		.loc 1 101 5 view .LVU63
 239 003a 0294     		str	r4, [sp, #8]
 101:Core/Src/usart.c ****     /**USART2 GPIO Configuration
 240              		.loc 1 101 5 view .LVU64
 241 003c 1A6B     		ldr	r2, [r3, #48]
 242 003e 42F00102 		orr	r2, r2, #1
 243 0042 1A63     		str	r2, [r3, #48]
 101:Core/Src/usart.c ****     /**USART2 GPIO Configuration
 244              		.loc 1 101 5 view .LVU65
 245 0044 1B6B     		ldr	r3, [r3, #48]
ARM GAS  /tmp/ccIz1j3R.s 			page 8


 246 0046 03F00103 		and	r3, r3, #1
 247 004a 0293     		str	r3, [sp, #8]
 101:Core/Src/usart.c ****     /**USART2 GPIO Configuration
 248              		.loc 1 101 5 view .LVU66
 249 004c 029B     		ldr	r3, [sp, #8]
 250              	.LBE3:
 101:Core/Src/usart.c ****     /**USART2 GPIO Configuration
 251              		.loc 1 101 5 view .LVU67
 106:Core/Src/usart.c ****     GPIO_InitStruct.Mode = GPIO_MODE_AF_PP;
 252              		.loc 1 106 5 view .LVU68
 106:Core/Src/usart.c ****     GPIO_InitStruct.Mode = GPIO_MODE_AF_PP;
 253              		.loc 1 106 25 is_stmt 0 view .LVU69
 254 004e 0C23     		movs	r3, #12
 255 0050 0593     		str	r3, [sp, #20]
 107:Core/Src/usart.c ****     GPIO_InitStruct.Pull = GPIO_NOPULL;
 256              		.loc 1 107 5 is_stmt 1 view .LVU70
 107:Core/Src/usart.c ****     GPIO_InitStruct.Pull = GPIO_NOPULL;
 257              		.loc 1 107 26 is_stmt 0 view .LVU71
 258 0052 0223     		movs	r3, #2
 259 0054 0693     		str	r3, [sp, #24]
 108:Core/Src/usart.c ****     GPIO_InitStruct.Speed = GPIO_SPEED_FREQ_LOW;
 260              		.loc 1 108 5 is_stmt 1 view .LVU72
 109:Core/Src/usart.c ****     GPIO_InitStruct.Alternate = GPIO_AF7_USART2;
 261              		.loc 1 109 5 view .LVU73
 110:Core/Src/usart.c ****     HAL_GPIO_Init(GPIOA, &GPIO_InitStruct);
 262              		.loc 1 110 5 view .LVU74
 110:Core/Src/usart.c ****     HAL_GPIO_Init(GPIOA, &GPIO_InitStruct);
 263              		.loc 1 110 31 is_stmt 0 view .LVU75
 264 0056 0723     		movs	r3, #7
 265 0058 0993     		str	r3, [sp, #36]
 111:Core/Src/usart.c **** 
 266              		.loc 1 111 5 is_stmt 1 view .LVU76
 267 005a 05A9     		add	r1, sp, #20
 268 005c 1E48     		ldr	r0, .L19+12
 269              	.LVL7:
 111:Core/Src/usart.c **** 
 270              		.loc 1 111 5 is_stmt 0 view .LVU77
 271 005e FFF7FEFF 		bl	HAL_GPIO_Init
 272              	.LVL8:
 114:Core/Src/usart.c ****     HAL_NVIC_EnableIRQ(USART2_IRQn);
 273              		.loc 1 114 5 is_stmt 1 view .LVU78
 274 0062 2246     		mov	r2, r4
 275 0064 2146     		mov	r1, r4
 276 0066 2620     		movs	r0, #38
 277 0068 FFF7FEFF 		bl	HAL_NVIC_SetPriority
 278              	.LVL9:
 115:Core/Src/usart.c ****   /* USER CODE BEGIN USART2_MspInit 1 */
 279              		.loc 1 115 5 view .LVU79
 280 006c 2620     		movs	r0, #38
 281 006e FFF7FEFF 		bl	HAL_NVIC_EnableIRQ
 282              	.LVL10:
 283 0072 D4E7     		b	.L13
 284              	.LVL11:
 285              	.L18:
 126:Core/Src/usart.c **** 
 286              		.loc 1 126 5 view .LVU80
 287              	.LBB4:
ARM GAS  /tmp/ccIz1j3R.s 			page 9


 126:Core/Src/usart.c **** 
 288              		.loc 1 126 5 view .LVU81
 289 0074 0024     		movs	r4, #0
 290 0076 0394     		str	r4, [sp, #12]
 126:Core/Src/usart.c **** 
 291              		.loc 1 126 5 view .LVU82
 292 0078 164B     		ldr	r3, .L19+8
 293 007a 5A6C     		ldr	r2, [r3, #68]
 294 007c 42F02002 		orr	r2, r2, #32
 295 0080 5A64     		str	r2, [r3, #68]
 126:Core/Src/usart.c **** 
 296              		.loc 1 126 5 view .LVU83
 297 0082 5A6C     		ldr	r2, [r3, #68]
 298 0084 02F02002 		and	r2, r2, #32
 299 0088 0392     		str	r2, [sp, #12]
 126:Core/Src/usart.c **** 
 300              		.loc 1 126 5 view .LVU84
 301 008a 039A     		ldr	r2, [sp, #12]
 302              	.LBE4:
 126:Core/Src/usart.c **** 
 303              		.loc 1 126 5 view .LVU85
 128:Core/Src/usart.c ****     /**USART6 GPIO Configuration
 304              		.loc 1 128 5 view .LVU86
 305              	.LBB5:
 128:Core/Src/usart.c ****     /**USART6 GPIO Configuration
 306              		.loc 1 128 5 view .LVU87
 307 008c 0494     		str	r4, [sp, #16]
 128:Core/Src/usart.c ****     /**USART6 GPIO Configuration
 308              		.loc 1 128 5 view .LVU88
 309 008e 1A6B     		ldr	r2, [r3, #48]
 310 0090 42F00402 		orr	r2, r2, #4
 311 0094 1A63     		str	r2, [r3, #48]
 128:Core/Src/usart.c ****     /**USART6 GPIO Configuration
 312              		.loc 1 128 5 view .LVU89
 313 0096 1B6B     		ldr	r3, [r3, #48]
 314 0098 03F00403 		and	r3, r3, #4
 315 009c 0493     		str	r3, [sp, #16]
 128:Core/Src/usart.c ****     /**USART6 GPIO Configuration
 316              		.loc 1 128 5 view .LVU90
 317 009e 049B     		ldr	r3, [sp, #16]
 318              	.LBE5:
 128:Core/Src/usart.c ****     /**USART6 GPIO Configuration
 319              		.loc 1 128 5 view .LVU91
 133:Core/Src/usart.c ****     GPIO_InitStruct.Mode = GPIO_MODE_AF_PP;
 320              		.loc 1 133 5 view .LVU92
 133:Core/Src/usart.c ****     GPIO_InitStruct.Mode = GPIO_MODE_AF_PP;
 321              		.loc 1 133 25 is_stmt 0 view .LVU93
 322 00a0 C023     		movs	r3, #192
 323 00a2 0593     		str	r3, [sp, #20]
 134:Core/Src/usart.c ****     GPIO_InitStruct.Pull = GPIO_NOPULL;
 324              		.loc 1 134 5 is_stmt 1 view .LVU94
 134:Core/Src/usart.c ****     GPIO_InitStruct.Pull = GPIO_NOPULL;
 325              		.loc 1 134 26 is_stmt 0 view .LVU95
 326 00a4 0223     		movs	r3, #2
 327 00a6 0693     		str	r3, [sp, #24]
 135:Core/Src/usart.c ****     GPIO_InitStruct.Speed = GPIO_SPEED_FREQ_VERY_HIGH;
 328              		.loc 1 135 5 is_stmt 1 view .LVU96
ARM GAS  /tmp/ccIz1j3R.s 			page 10


 136:Core/Src/usart.c ****     GPIO_InitStruct.Alternate = GPIO_AF8_USART6;
 329              		.loc 1 136 5 view .LVU97
 136:Core/Src/usart.c ****     GPIO_InitStruct.Alternate = GPIO_AF8_USART6;
 330              		.loc 1 136 27 is_stmt 0 view .LVU98
 331 00a8 0323     		movs	r3, #3
 332 00aa 0893     		str	r3, [sp, #32]
 137:Core/Src/usart.c ****     HAL_GPIO_Init(GPIOC, &GPIO_InitStruct);
 333              		.loc 1 137 5 is_stmt 1 view .LVU99
 137:Core/Src/usart.c ****     HAL_GPIO_Init(GPIOC, &GPIO_InitStruct);
 334              		.loc 1 137 31 is_stmt 0 view .LVU100
 335 00ac 0823     		movs	r3, #8
 336 00ae 0993     		str	r3, [sp, #36]
 138:Core/Src/usart.c **** 
 337              		.loc 1 138 5 is_stmt 1 view .LVU101
 338 00b0 05A9     		add	r1, sp, #20
 339 00b2 0A48     		ldr	r0, .L19+16
 340              	.LVL12:
 138:Core/Src/usart.c **** 
 341              		.loc 1 138 5 is_stmt 0 view .LVU102
 342 00b4 FFF7FEFF 		bl	HAL_GPIO_Init
 343              	.LVL13:
 141:Core/Src/usart.c ****     HAL_NVIC_EnableIRQ(USART6_IRQn);
 344              		.loc 1 141 5 is_stmt 1 view .LVU103
 345 00b8 2246     		mov	r2, r4
 346 00ba 2146     		mov	r1, r4
 347 00bc 4720     		movs	r0, #71
 348 00be FFF7FEFF 		bl	HAL_NVIC_SetPriority
 349              	.LVL14:
 142:Core/Src/usart.c ****   /* USER CODE BEGIN USART6_MspInit 1 */
 350              		.loc 1 142 5 view .LVU104
 351 00c2 4720     		movs	r0, #71
 352 00c4 FFF7FEFF 		bl	HAL_NVIC_EnableIRQ
 353              	.LVL15:
 354              		.loc 1 147 1 is_stmt 0 view .LVU105
 355 00c8 A9E7     		b	.L13
 356              	.L20:
 357 00ca 00BF     		.align	2
 358              	.L19:
 359 00cc 00440040 		.word	1073759232
 360 00d0 00140140 		.word	1073812480
 361 00d4 00380240 		.word	1073887232
 362 00d8 00000240 		.word	1073872896
 363 00dc 00080240 		.word	1073874944
 364              		.cfi_endproc
 365              	.LFE136:
 367              		.section	.text.HAL_UART_MspDeInit,"ax",%progbits
 368              		.align	1
 369              		.global	HAL_UART_MspDeInit
 370              		.syntax unified
 371              		.thumb
 372              		.thumb_func
 373              		.fpu fpv4-sp-d16
 375              	HAL_UART_MspDeInit:
 376              	.LVL16:
 377              	.LFB137:
 148:Core/Src/usart.c **** 
 149:Core/Src/usart.c **** void HAL_UART_MspDeInit(UART_HandleTypeDef* uartHandle)
ARM GAS  /tmp/ccIz1j3R.s 			page 11


 150:Core/Src/usart.c **** {
 378              		.loc 1 150 1 is_stmt 1 view -0
 379              		.cfi_startproc
 380              		@ args = 0, pretend = 0, frame = 0
 381              		@ frame_needed = 0, uses_anonymous_args = 0
 382              		.loc 1 150 1 is_stmt 0 view .LVU107
 383 0000 08B5     		push	{r3, lr}
 384              	.LCFI6:
 385              		.cfi_def_cfa_offset 8
 386              		.cfi_offset 3, -8
 387              		.cfi_offset 14, -4
 151:Core/Src/usart.c **** 
 152:Core/Src/usart.c ****   if(uartHandle->Instance==USART2)
 388              		.loc 1 152 3 is_stmt 1 view .LVU108
 389              		.loc 1 152 16 is_stmt 0 view .LVU109
 390 0002 0368     		ldr	r3, [r0]
 391              		.loc 1 152 5 view .LVU110
 392 0004 114A     		ldr	r2, .L27
 393 0006 9342     		cmp	r3, r2
 394 0008 03D0     		beq	.L25
 153:Core/Src/usart.c ****   {
 154:Core/Src/usart.c ****   /* USER CODE BEGIN USART2_MspDeInit 0 */
 155:Core/Src/usart.c **** 
 156:Core/Src/usart.c ****   /* USER CODE END USART2_MspDeInit 0 */
 157:Core/Src/usart.c ****     /* Peripheral clock disable */
 158:Core/Src/usart.c ****     __HAL_RCC_USART2_CLK_DISABLE();
 159:Core/Src/usart.c **** 
 160:Core/Src/usart.c ****     /**USART2 GPIO Configuration
 161:Core/Src/usart.c ****     PA2     ------> USART2_TX
 162:Core/Src/usart.c ****     PA3     ------> USART2_RX
 163:Core/Src/usart.c ****     */
 164:Core/Src/usart.c ****     HAL_GPIO_DeInit(GPIOA, USART_TX_Pin|USART_RX_Pin);
 165:Core/Src/usart.c **** 
 166:Core/Src/usart.c ****     /* USART2 interrupt Deinit */
 167:Core/Src/usart.c ****     HAL_NVIC_DisableIRQ(USART2_IRQn);
 168:Core/Src/usart.c ****   /* USER CODE BEGIN USART2_MspDeInit 1 */
 169:Core/Src/usart.c **** 
 170:Core/Src/usart.c ****   /* USER CODE END USART2_MspDeInit 1 */
 171:Core/Src/usart.c ****   }
 172:Core/Src/usart.c ****   else if(uartHandle->Instance==USART6)
 395              		.loc 1 172 8 is_stmt 1 view .LVU111
 396              		.loc 1 172 10 is_stmt 0 view .LVU112
 397 000a 114A     		ldr	r2, .L27+4
 398 000c 9342     		cmp	r3, r2
 399 000e 0ED0     		beq	.L26
 400              	.LVL17:
 401              	.L21:
 173:Core/Src/usart.c ****   {
 174:Core/Src/usart.c ****   /* USER CODE BEGIN USART6_MspDeInit 0 */
 175:Core/Src/usart.c **** 
 176:Core/Src/usart.c ****   /* USER CODE END USART6_MspDeInit 0 */
 177:Core/Src/usart.c ****     /* Peripheral clock disable */
 178:Core/Src/usart.c ****     __HAL_RCC_USART6_CLK_DISABLE();
 179:Core/Src/usart.c **** 
 180:Core/Src/usart.c ****     /**USART6 GPIO Configuration
 181:Core/Src/usart.c ****     PC6     ------> USART6_TX
 182:Core/Src/usart.c ****     PC7     ------> USART6_RX
ARM GAS  /tmp/ccIz1j3R.s 			page 12


 183:Core/Src/usart.c ****     */
 184:Core/Src/usart.c ****     HAL_GPIO_DeInit(GPIOC, GPIO_PIN_6|GPIO_PIN_7);
 185:Core/Src/usart.c **** 
 186:Core/Src/usart.c ****     /* USART6 interrupt Deinit */
 187:Core/Src/usart.c ****     HAL_NVIC_DisableIRQ(USART6_IRQn);
 188:Core/Src/usart.c ****   /* USER CODE BEGIN USART6_MspDeInit 1 */
 189:Core/Src/usart.c **** 
 190:Core/Src/usart.c ****   /* USER CODE END USART6_MspDeInit 1 */
 191:Core/Src/usart.c ****   }
 192:Core/Src/usart.c **** }
 402              		.loc 1 192 1 view .LVU113
 403 0010 08BD     		pop	{r3, pc}
 404              	.LVL18:
 405              	.L25:
 158:Core/Src/usart.c **** 
 406              		.loc 1 158 5 is_stmt 1 view .LVU114
 407 0012 02F5FA32 		add	r2, r2, #128000
 408 0016 136C     		ldr	r3, [r2, #64]
 409 0018 23F40033 		bic	r3, r3, #131072
 410 001c 1364     		str	r3, [r2, #64]
 164:Core/Src/usart.c **** 
 411              		.loc 1 164 5 view .LVU115
 412 001e 0C21     		movs	r1, #12
 413 0020 0C48     		ldr	r0, .L27+8
 414              	.LVL19:
 164:Core/Src/usart.c **** 
 415              		.loc 1 164 5 is_stmt 0 view .LVU116
 416 0022 FFF7FEFF 		bl	HAL_GPIO_DeInit
 417              	.LVL20:
 167:Core/Src/usart.c ****   /* USER CODE BEGIN USART2_MspDeInit 1 */
 418              		.loc 1 167 5 is_stmt 1 view .LVU117
 419 0026 2620     		movs	r0, #38
 420 0028 FFF7FEFF 		bl	HAL_NVIC_DisableIRQ
 421              	.LVL21:
 422 002c F0E7     		b	.L21
 423              	.LVL22:
 424              	.L26:
 178:Core/Src/usart.c **** 
 425              		.loc 1 178 5 view .LVU118
 426 002e 02F59232 		add	r2, r2, #74752
 427 0032 536C     		ldr	r3, [r2, #68]
 428 0034 23F02003 		bic	r3, r3, #32
 429 0038 5364     		str	r3, [r2, #68]
 184:Core/Src/usart.c **** 
 430              		.loc 1 184 5 view .LVU119
 431 003a C021     		movs	r1, #192
 432 003c 0648     		ldr	r0, .L27+12
 433              	.LVL23:
 184:Core/Src/usart.c **** 
 434              		.loc 1 184 5 is_stmt 0 view .LVU120
 435 003e FFF7FEFF 		bl	HAL_GPIO_DeInit
 436              	.LVL24:
 187:Core/Src/usart.c ****   /* USER CODE BEGIN USART6_MspDeInit 1 */
 437              		.loc 1 187 5 is_stmt 1 view .LVU121
 438 0042 4720     		movs	r0, #71
 439 0044 FFF7FEFF 		bl	HAL_NVIC_DisableIRQ
 440              	.LVL25:
ARM GAS  /tmp/ccIz1j3R.s 			page 13


 441              		.loc 1 192 1 is_stmt 0 view .LVU122
 442 0048 E2E7     		b	.L21
 443              	.L28:
 444 004a 00BF     		.align	2
 445              	.L27:
 446 004c 00440040 		.word	1073759232
 447 0050 00140140 		.word	1073812480
 448 0054 00000240 		.word	1073872896
 449 0058 00080240 		.word	1073874944
 450              		.cfi_endproc
 451              	.LFE137:
 453              		.global	huart6
 454              		.global	huart2
 455              		.section	.bss.huart2,"aw",%nobits
 456              		.align	2
 457              		.set	.LANCHOR0,. + 0
 460              	huart2:
 461 0000 00000000 		.space	72
 461      00000000 
 461      00000000 
 461      00000000 
 461      00000000 
 462              		.section	.bss.huart6,"aw",%nobits
 463              		.align	2
 464              		.set	.LANCHOR1,. + 0
 467              	huart6:
 468 0000 00000000 		.space	72
 468      00000000 
 468      00000000 
 468      00000000 
 468      00000000 
 469              		.text
 470              	.Letext0:
 471              		.file 2 "/usr/lib/gcc/arm-none-eabi/10.3.1/include/stdint.h"
 472              		.file 3 "Drivers/CMSIS/Device/ST/STM32F4xx/Include/stm32f401xe.h"
 473              		.file 4 "Drivers/STM32F4xx_HAL_Driver/Inc/stm32f4xx_hal_def.h"
 474              		.file 5 "Drivers/STM32F4xx_HAL_Driver/Inc/stm32f4xx_hal_gpio.h"
 475              		.file 6 "Drivers/STM32F4xx_HAL_Driver/Inc/stm32f4xx_hal_dma.h"
 476              		.file 7 "Drivers/STM32F4xx_HAL_Driver/Inc/stm32f4xx_hal_uart.h"
 477              		.file 8 "Core/Inc/usart.h"
 478              		.file 9 "Drivers/STM32F4xx_HAL_Driver/Inc/stm32f4xx_hal_cortex.h"
 479              		.file 10 "Core/Inc/main.h"
ARM GAS  /tmp/ccIz1j3R.s 			page 14


DEFINED SYMBOLS
                            *ABS*:0000000000000000 usart.c
     /tmp/ccIz1j3R.s:18     .text.MX_USART2_UART_Init:0000000000000000 $t
     /tmp/ccIz1j3R.s:26     .text.MX_USART2_UART_Init:0000000000000000 MX_USART2_UART_Init
     /tmp/ccIz1j3R.s:85     .text.MX_USART2_UART_Init:000000000000002c $d
     /tmp/ccIz1j3R.s:91     .text.MX_USART6_UART_Init:0000000000000000 $t
     /tmp/ccIz1j3R.s:98     .text.MX_USART6_UART_Init:0000000000000000 MX_USART6_UART_Init
     /tmp/ccIz1j3R.s:156    .text.MX_USART6_UART_Init:000000000000002c $d
     /tmp/ccIz1j3R.s:162    .text.HAL_UART_MspInit:0000000000000000 $t
     /tmp/ccIz1j3R.s:169    .text.HAL_UART_MspInit:0000000000000000 HAL_UART_MspInit
     /tmp/ccIz1j3R.s:359    .text.HAL_UART_MspInit:00000000000000cc $d
     /tmp/ccIz1j3R.s:368    .text.HAL_UART_MspDeInit:0000000000000000 $t
     /tmp/ccIz1j3R.s:375    .text.HAL_UART_MspDeInit:0000000000000000 HAL_UART_MspDeInit
     /tmp/ccIz1j3R.s:446    .text.HAL_UART_MspDeInit:000000000000004c $d
     /tmp/ccIz1j3R.s:467    .bss.huart6:0000000000000000 huart6
     /tmp/ccIz1j3R.s:460    .bss.huart2:0000000000000000 huart2
     /tmp/ccIz1j3R.s:456    .bss.huart2:0000000000000000 $d
     /tmp/ccIz1j3R.s:463    .bss.huart6:0000000000000000 $d

UNDEFINED SYMBOLS
HAL_UART_Init
Error_Handler
HAL_GPIO_Init
HAL_NVIC_SetPriority
HAL_NVIC_EnableIRQ
HAL_GPIO_DeInit
HAL_NVIC_DisableIRQ
